c:\users\conor\source\repos\gameengines4\gameengines4\debug\vc142.pdb
c:\users\conor\source\repos\gameengines4\gameengines4\debug\vc142.idb
c:\users\conor\source\repos\gameengines4\gameengines4\debug\texturehandler.obj
c:\users\conor\source\repos\gameengines4\gameengines4\debug\shaderhandler.obj
c:\users\conor\source\repos\gameengines4\gameengines4\debug\model.obj
c:\users\conor\source\repos\gameengines4\gameengines4\debug\mesh.obj
c:\users\conor\source\repos\gameengines4\gameengines4\debug\renderer.obj
c:\users\conor\source\repos\gameengines4\gameengines4\debug\startscene.obj
c:\users\conor\source\repos\gameengines4\gameengines4\debug\timer.obj
c:\users\conor\source\repos\gameengines4\gameengines4\debug\window.obj
c:\users\conor\source\repos\gameengines4\gameengines4\debug\main.obj
c:\users\conor\source\repos\gameengines4\gameengines4\debug\lightsource.obj
c:\users\conor\source\repos\gameengines4\gameengines4\debug\game1.obj
c:\users\conor\source\repos\gameengines4\gameengines4\debug\gamescene.obj
c:\users\conor\source\repos\gameengines4\gameengines4\debug\gameobject.obj
c:\users\conor\source\repos\gameengines4\gameengines4\debug\gameinterface.obj
c:\users\conor\source\repos\gameengines4\gameengines4\debug\enginecore.obj
c:\users\conor\source\repos\gameengines4\gameengines4\debug\debug.obj
c:\users\conor\source\repos\gameengines4\gameengines4\debug\camera.obj
c:\users\conor\source\repos\gameengines4\gameengines4\debug\cube.obj
c:\users\conor\source\repos\gameengines4\debug\gameengines4.exe
c:\users\conor\source\repos\gameengines4\gameengines4\debug\gameengines4.tlog\cl.command.1.tlog
c:\users\conor\source\repos\gameengines4\gameengines4\debug\gameengines4.tlog\cl.read.1.tlog
c:\users\conor\source\repos\gameengines4\gameengines4\debug\gameengines4.tlog\cl.write.1.tlog
c:\users\conor\source\repos\gameengines4\gameengines4\debug\gameengines4.tlog\link.command.1.tlog
c:\users\conor\source\repos\gameengines4\gameengines4\debug\gameengines4.tlog\link.read.1.tlog
c:\users\conor\source\repos\gameengines4\gameengines4\debug\gameengines4.tlog\link.write.1.tlog
